<?xml version="1.0" encoding="UTF-8"?>
<testsuite name="com.hanjojo.book.springboot.web.domain.posts.PostsRepositoryTest" tests="1" skipped="0" failures="0" errors="0" timestamp="2020-07-03T14:34:19" hostname="DESKTOP-PHPLI9A" time="0.454">
  <properties/>
  <testcase name="게시글저장_불러오기" classname="com.hanjojo.book.springboot.web.domain.posts.PostsRepositoryTest" time="0.454"/>
  <system-out><![CDATA[23:34:15.083 [Test worker] DEBUG org.springframework.test.context.junit4.SpringJUnit4ClassRunner - SpringJUnit4ClassRunner constructor called with [class com.hanjojo.book.springboot.web.domain.posts.PostsRepositoryTest]
23:34:15.092 [Test worker] DEBUG org.springframework.test.context.BootstrapUtils - Instantiating CacheAwareContextLoaderDelegate from class [org.springframework.test.context.cache.DefaultCacheAwareContextLoaderDelegate]
23:34:15.100 [Test worker] DEBUG org.springframework.test.context.BootstrapUtils - Instantiating BootstrapContext using constructor [public org.springframework.test.context.support.DefaultBootstrapContext(java.lang.Class,org.springframework.test.context.CacheAwareContextLoaderDelegate)]
23:34:15.118 [Test worker] DEBUG org.springframework.test.context.BootstrapUtils - Instantiating TestContextBootstrapper for test class [com.hanjojo.book.springboot.web.domain.posts.PostsRepositoryTest] from class [org.springframework.boot.test.context.SpringBootTestContextBootstrapper]
23:34:15.130 [Test worker] INFO org.springframework.boot.test.context.SpringBootTestContextBootstrapper - Neither @ContextConfiguration nor @ContextHierarchy found for test class [com.hanjojo.book.springboot.web.domain.posts.PostsRepositoryTest], using SpringBootContextLoader
23:34:15.133 [Test worker] DEBUG org.springframework.test.context.support.AbstractContextLoader - Did not detect default resource location for test class [com.hanjojo.book.springboot.web.domain.posts.PostsRepositoryTest]: class path resource [com/hanjojo/book/springboot/web/domain/posts/PostsRepositoryTest-context.xml] does not exist
23:34:15.134 [Test worker] DEBUG org.springframework.test.context.support.AbstractContextLoader - Did not detect default resource location for test class [com.hanjojo.book.springboot.web.domain.posts.PostsRepositoryTest]: class path resource [com/hanjojo/book/springboot/web/domain/posts/PostsRepositoryTestContext.groovy] does not exist
23:34:15.134 [Test worker] INFO org.springframework.test.context.support.AbstractContextLoader - Could not detect default resource locations for test class [com.hanjojo.book.springboot.web.domain.posts.PostsRepositoryTest]: no resource found for suffixes {-context.xml, Context.groovy}.
23:34:15.135 [Test worker] INFO org.springframework.test.context.support.AnnotationConfigContextLoaderUtils - Could not detect default configuration classes for test class [com.hanjojo.book.springboot.web.domain.posts.PostsRepositoryTest]: PostsRepositoryTest does not declare any static, non-private, non-final, nested classes annotated with @Configuration.
23:34:15.175 [Test worker] DEBUG org.springframework.test.context.support.ActiveProfilesUtils - Could not find an 'annotation declaring class' for annotation type [org.springframework.test.context.ActiveProfiles] and class [com.hanjojo.book.springboot.web.domain.posts.PostsRepositoryTest]
23:34:15.270 [Test worker] DEBUG org.springframework.context.annotation.ClassPathScanningCandidateComponentProvider - Identified candidate component class: file [D:\Developement\jojoldu\build\classes\java\main\com\hanjojo\book\springboot\Application.class]
23:34:15.273 [Test worker] INFO org.springframework.boot.test.context.SpringBootTestContextBootstrapper - Found @SpringBootConfiguration com.hanjojo.book.springboot.Application for test class com.hanjojo.book.springboot.web.domain.posts.PostsRepositoryTest
23:34:15.360 [Test worker] DEBUG org.springframework.boot.test.context.SpringBootTestContextBootstrapper - @TestExecutionListeners is not present for class [com.hanjojo.book.springboot.web.domain.posts.PostsRepositoryTest]: using defaults.
23:34:15.361 [Test worker] INFO org.springframework.boot.test.context.SpringBootTestContextBootstrapper - Loaded default TestExecutionListener class names from location [META-INF/spring.factories]: [org.springframework.boot.test.autoconfigure.restdocs.RestDocsTestExecutionListener, org.springframework.boot.test.autoconfigure.web.client.MockRestServiceServerResetTestExecutionListener, org.springframework.boot.test.autoconfigure.web.servlet.MockMvcPrintOnlyOnFailureTestExecutionListener, org.springframework.boot.test.autoconfigure.web.servlet.WebDriverTestExecutionListener, org.springframework.boot.test.mock.mockito.MockitoTestExecutionListener, org.springframework.boot.test.mock.mockito.ResetMocksTestExecutionListener, org.springframework.test.context.web.ServletTestExecutionListener, org.springframework.test.context.support.DirtiesContextBeforeModesTestExecutionListener, org.springframework.test.context.support.DependencyInjectionTestExecutionListener, org.springframework.test.context.support.DirtiesContextTestExecutionListener, org.springframework.test.context.transaction.TransactionalTestExecutionListener, org.springframework.test.context.jdbc.SqlScriptsTestExecutionListener]
23:34:15.379 [Test worker] INFO org.springframework.boot.test.context.SpringBootTestContextBootstrapper - Using TestExecutionListeners: [org.springframework.test.context.web.ServletTestExecutionListener@470c13bf, org.springframework.test.context.support.DirtiesContextBeforeModesTestExecutionListener@657e74e6, org.springframework.boot.test.mock.mockito.MockitoTestExecutionListener@7443a44b, org.springframework.boot.test.autoconfigure.SpringBootDependencyInjectionTestExecutionListener@1761ec8b, org.springframework.test.context.support.DirtiesContextTestExecutionListener@30d79433, org.springframework.test.context.transaction.TransactionalTestExecutionListener@26180f8b, org.springframework.test.context.jdbc.SqlScriptsTestExecutionListener@4f9096ff, org.springframework.boot.test.autoconfigure.restdocs.RestDocsTestExecutionListener@578d3e32, org.springframework.boot.test.autoconfigure.web.client.MockRestServiceServerResetTestExecutionListener@5b775efc, org.springframework.boot.test.autoconfigure.web.servlet.MockMvcPrintOnlyOnFailureTestExecutionListener@3df5664e, org.springframework.boot.test.autoconfigure.web.servlet.WebDriverTestExecutionListener@76993861, org.springframework.boot.test.mock.mockito.ResetMocksTestExecutionListener@485bf42e]
23:34:15.382 [Test worker] DEBUG org.springframework.test.annotation.ProfileValueUtils - Retrieved @ProfileValueSourceConfiguration [null] for test class [com.hanjojo.book.springboot.web.domain.posts.PostsRepositoryTest]
23:34:15.382 [Test worker] DEBUG org.springframework.test.annotation.ProfileValueUtils - Retrieved ProfileValueSource type [class org.springframework.test.annotation.SystemProfileValueSource] for class [com.hanjojo.book.springboot.web.domain.posts.PostsRepositoryTest]
23:34:15.384 [Test worker] DEBUG org.springframework.test.annotation.ProfileValueUtils - Retrieved @ProfileValueSourceConfiguration [null] for test class [com.hanjojo.book.springboot.web.domain.posts.PostsRepositoryTest]
23:34:15.384 [Test worker] DEBUG org.springframework.test.annotation.ProfileValueUtils - Retrieved ProfileValueSource type [class org.springframework.test.annotation.SystemProfileValueSource] for class [com.hanjojo.book.springboot.web.domain.posts.PostsRepositoryTest]
23:34:15.384 [Test worker] DEBUG org.springframework.test.annotation.ProfileValueUtils - Retrieved @ProfileValueSourceConfiguration [null] for test class [com.hanjojo.book.springboot.web.domain.posts.PostsRepositoryTest]
23:34:15.385 [Test worker] DEBUG org.springframework.test.annotation.ProfileValueUtils - Retrieved ProfileValueSource type [class org.springframework.test.annotation.SystemProfileValueSource] for class [com.hanjojo.book.springboot.web.domain.posts.PostsRepositoryTest]
23:34:15.389 [Test worker] DEBUG org.springframework.test.context.support.AbstractDirtiesContextTestExecutionListener - Before test class: context [DefaultTestContext@1d3b579c testClass = PostsRepositoryTest, testInstance = [null], testMethod = [null], testException = [null], mergedContextConfiguration = [WebMergedContextConfiguration@1a14e081 testClass = PostsRepositoryTest, locations = '{}', classes = '{class com.hanjojo.book.springboot.Application}', contextInitializerClasses = '[]', activeProfiles = '{}', propertySourceLocations = '{}', propertySourceProperties = '{org.springframework.boot.test.context.SpringBootTestContextBootstrapper=true}', contextCustomizers = set[org.springframework.boot.test.autoconfigure.properties.PropertyMappingContextCustomizer@0, org.springframework.boot.test.autoconfigure.web.servlet.WebDriverContextCustomizerFactory$Customizer@591903c, org.springframework.boot.test.context.filter.ExcludeFilterContextCustomizer@4abcb1cf, org.springframework.boot.test.json.DuplicateJsonObjectContextCustomizerFactory$DuplicateJsonObjectContextCustomizer@60ca2822, org.springframework.boot.test.mock.mockito.MockitoContextCustomizer@0, org.springframework.boot.test.web.client.TestRestTemplateContextCustomizer@4b1c1cae], resourceBasePath = 'src/main/webapp', contextLoader = 'org.springframework.boot.test.context.SpringBootContextLoader', parent = [null]], attributes = map['org.springframework.test.context.web.ServletTestExecutionListener.activateListener' -> true]], class annotated with @DirtiesContext [false] with mode [null].
23:34:15.389 [Test worker] DEBUG org.springframework.test.annotation.ProfileValueUtils - Retrieved @ProfileValueSourceConfiguration [null] for test class [com.hanjojo.book.springboot.web.domain.posts.PostsRepositoryTest]
23:34:15.390 [Test worker] DEBUG org.springframework.test.annotation.ProfileValueUtils - Retrieved ProfileValueSource type [class org.springframework.test.annotation.SystemProfileValueSource] for class [com.hanjojo.book.springboot.web.domain.posts.PostsRepositoryTest]
23:34:15.408 [Test worker] DEBUG org.springframework.test.context.support.TestPropertySourceUtils - Adding inlined properties to environment: {spring.jmx.enabled=false, org.springframework.boot.test.context.SpringBootTestContextBootstrapper=true, server.port=-1}

  .   ____          _            __ _ _
 /\\ / ___'_ __ _ _(_)_ __  __ _ \ \ \ \
( ( )\___ | '_ | '_| | '_ \/ _` | \ \ \ \
 \\/  ___)| |_)| | | | | || (_| |  ) ) ) )
  '  |____| .__|_| |_|_| |_\__, | / / / /
 =========|_|==============|___/=/_/_/_/
 :: Spring Boot ::        (v2.1.7.RELEASE)

2020-07-03 23:34:15.615  INFO 6140 --- [    Test worker] c.h.b.s.w.d.posts.PostsRepositoryTest    : Starting PostsRepositoryTest on DESKTOP-PHPLI9A with PID 6140 (started by USER in D:\Developement\jojoldu)
2020-07-03 23:34:15.616  INFO 6140 --- [    Test worker] c.h.b.s.w.d.posts.PostsRepositoryTest    : No active profile set, falling back to default profiles: default
2020-07-03 23:34:16.268  INFO 6140 --- [    Test worker] .s.d.r.c.RepositoryConfigurationDelegate : Bootstrapping Spring Data repositories in DEFAULT mode.
2020-07-03 23:34:16.348  INFO 6140 --- [    Test worker] .s.d.r.c.RepositoryConfigurationDelegate : Finished Spring Data repository scanning in 71ms. Found 1 repository interfaces.
2020-07-03 23:34:16.750  INFO 6140 --- [    Test worker] trationDelegate$BeanPostProcessorChecker : Bean 'org.springframework.transaction.annotation.ProxyTransactionManagementConfiguration' of type [org.springframework.transaction.annotation.ProxyTransactionManagementConfiguration$$EnhancerBySpringCGLIB$$9d2e9b47] is not eligible for getting processed by all BeanPostProcessors (for example: not eligible for auto-proxying)
2020-07-03 23:34:16.956  INFO 6140 --- [    Test worker] com.zaxxer.hikari.HikariDataSource       : HikariPool-1 - Starting...
2020-07-03 23:34:17.162  INFO 6140 --- [    Test worker] com.zaxxer.hikari.HikariDataSource       : HikariPool-1 - Start completed.
2020-07-03 23:34:17.249  INFO 6140 --- [    Test worker] o.hibernate.jpa.internal.util.LogHelper  : HHH000204: Processing PersistenceUnitInfo [
	name: default
	...]
2020-07-03 23:34:17.324  INFO 6140 --- [    Test worker] org.hibernate.Version                    : HHH000412: Hibernate Core {5.3.10.Final}
2020-07-03 23:34:17.326  INFO 6140 --- [    Test worker] org.hibernate.cfg.Environment            : HHH000206: hibernate.properties not found
2020-07-03 23:34:17.469  INFO 6140 --- [    Test worker] o.hibernate.annotations.common.Version   : HCANN000001: Hibernate Commons Annotations {5.0.4.Final}
2020-07-03 23:34:17.643  INFO 6140 --- [    Test worker] org.hibernate.dialect.Dialect            : HHH000400: Using dialect: org.hibernate.dialect.MySQL5InnoDBDialect
Hibernate: drop table if exists posts
Hibernate: create table posts (id bigint not null auto_increment, author varchar(255), content TEXT not null, title varchar(500) not null, primary key (id)) engine=InnoDB
2020-07-03 23:34:18.224  INFO 6140 --- [    Test worker] o.h.t.schema.internal.SchemaCreatorImpl  : HHH000476: Executing import script 'org.hibernate.tool.schema.internal.exec.ScriptSourceInputNonExistentImpl@314fff52'
2020-07-03 23:34:18.227  INFO 6140 --- [    Test worker] j.LocalContainerEntityManagerFactoryBean : Initialized JPA EntityManagerFactory for persistence unit 'default'
2020-07-03 23:34:19.093  INFO 6140 --- [    Test worker] o.s.s.concurrent.ThreadPoolTaskExecutor  : Initializing ExecutorService 'applicationTaskExecutor'
2020-07-03 23:34:19.156  WARN 6140 --- [    Test worker] aWebConfiguration$JpaWebMvcConfiguration : spring.jpa.open-in-view is enabled by default. Therefore, database queries may be performed during view rendering. Explicitly configure spring.jpa.open-in-view to disable this warning
2020-07-03 23:34:19.541  INFO 6140 --- [    Test worker] c.h.b.s.w.d.posts.PostsRepositoryTest    : Started PostsRepositoryTest in 4.125 seconds (JVM running for 5.51)
Hibernate: insert into posts (author, content, title) values (?, ?, ?)
2020-07-03 23:34:19.842  INFO 6140 --- [    Test worker] o.h.h.i.QueryTranslatorFactoryInitiator  : HHH000397: Using ASTQueryTranslatorFactory
Hibernate: select posts0_.id as id1_0_, posts0_.author as author2_0_, posts0_.content as content3_0_, posts0_.title as title4_0_ from posts posts0_
Hibernate: select posts0_.id as id1_0_, posts0_.author as author2_0_, posts0_.content as content3_0_, posts0_.title as title4_0_ from posts posts0_
Hibernate: delete from posts where id=?
]]></system-out>
  <system-err><![CDATA[]]></system-err>
</testsuite>
